<?xml version="1.0" encoding="UTF-8"?>
<!-- Generated by org.testng.reporters.JUnitXMLReporter -->
<testsuite hostname="DESKTOP-6FMHLIV" ignored="0" name="Default test" tests="7" failures="0" timestamp="09 Oct 2020 10:49:22 GMT" time="9.427" errors="0">
  <testcase name="Sample" time="0.015" classname="Sample.sample"/>
  <testcase name="lotto_resource_returns_200_with_expected_id_and_winners" time="5.273" classname="Sample.sample"/>
  <testcase name="test2" time="0.833" classname="Sample.sample"/>
  <testcase name="xml_Validation" time="0.767" classname="Sample.sample"/>
  <testcase name="test_put" time="0.849" classname="Sample.sample"/>
  <testcase name="test_patch" time="0.848" classname="Sample.sample"/>
  <testcase name="test_delete" time="0.794" classname="Sample.sample"/>
</testsuite> <!-- Default test -->
