<?xml version="1.0" encoding="UTF-8"?>
<!-- Generated by org.testng.reporters.JUnitXMLReporter -->
<testsuite hostname="SrinivasR-DSK" ignored="0" name="Default test" tests="4" failures="0" timestamp="2021-09-13T16:16:37 IST" time="5.34" errors="0">
  <testcase name="bearerTokenAuthentication" time="3.387" classname="datausingPOJO.BearearAuthentication"/>
  <testcase name="assetActions" time="0.56" classname="datausingPOJO.BearearAuthentication"/>
  <testcase name="jobsActions" time="0.562" classname="datausingPOJO.BearearAuthentication"/>
  <testcase name="departmentActions" time="0.77" classname="datausingPOJO.BearearAuthentication"/>
</testsuite> <!-- Default test -->
