<?xml version="1.0" encoding="UTF-8"?>
<!-- Generated by org.testng.reporters.JUnitXMLReporter -->
<testsuite hostname="DESKTOP-6FMHLIV" ignored="0" name="Test" tests="4" failures="1" timestamp="09 Oct 2020 09:34:57 GMT" time="5.629" errors="0">
  <testcase name="Sample" time="0.013" classname="Sample.sample"/>
  <testcase name="lotto_resource_returns_200_with_expected_id_and_winners" time="3.297" classname="Sample.sample"/>
  <testcase name="test2" time="0.842" classname="Sample.sample"/>
  <testcase name="xml_Validation" time="1.447" classname="Sample.sample">
    <failure type="java.lang.AssertionError" message="expected [true] but found [false]">
      <![CDATA[java.lang.AssertionError: expected [true] but found [false]
at Sample.sample.xml_Validation(sample.java:69)
... Removed 31 stack frames]]>
    </failure>
  </testcase> <!-- xml_Validation -->
</testsuite> <!-- Test -->
