<?xml version="1.0" encoding="UTF-8"?>
<!-- Generated by org.testng.reporters.JUnitXMLReporter -->
<testsuite hostname="DESKTOP-6FMHLIV" ignored="3" name="Test(failed)" tests="1" failures="0" timestamp="09 Oct 2020 09:38:15 GMT" time="2.614" errors="0">
  <testcase name="xml_Validation" time="2.587" classname="Sample.sample"/>
  <testcase name="lotto_resource_returns_200_with_expected_id_and_winners" time="0.0" classname="Sample.sample">
    <ignored/>
  </testcase> <!-- lotto_resource_returns_200_with_expected_id_and_winners -->
  <testcase name="Sample" time="0.0" classname="Sample.sample">
    <ignored/>
  </testcase> <!-- Sample -->
  <testcase name="test2" time="0.0" classname="Sample.sample">
    <ignored/>
  </testcase> <!-- test2 -->
</testsuite> <!-- Test(failed) -->
